# JRE version: Java(TM) SE Runtime Environment (8.0_152-b05) (build 1.8.0_152-ea-b05)
# Java VM: Java HotSpot(TM) 64-Bit Server VM (25.152-b05 mixed mode windows-amd64 compressed oops)
Heap:
 PSYoungGen      total 76288K, used 8118K [0x000000076af80000, 0x0000000774480000, 0x00000007c0000000)
  eden space 65536K, 0% used [0x000000076af80000,0x000000076af80000,0x000000076ef80000)
  from space 10752K, 75% used [0x000000076fa00000,0x00000007701ed8d0,0x0000000770480000)
  to   space 10752K, 0% used [0x000000076ef80000,0x000000076ef80000,0x000000076fa00000)
 ParOldGen       total 175104K, used 96K [0x00000006c0e00000, 0x00000006cb900000, 0x000000076af80000)
  object space 175104K, 0% used [0x00000006c0e00000,0x00000006c0e18010,0x00000006cb900000)
 Metaspace       used 20435K, capacity 21178K, committed 21296K, reserved 1067008K
  class space    used 2752K, capacity 2938K, committed 2944K, reserved 1048576K
GC Heap History (5 events):
Event: 2.728 GC heap before
{Heap before GC invocations=1 (full 0):
 PSYoungGen      total 76288K, used 65536K [0x000000076af80000, 0x0000000770480000, 0x00000007c0000000)
  eden space 65536K, 100% used [0x000000076af80000,0x000000076ef80000,0x000000076ef80000)
  from space 10752K, 0% used [0x000000076fa00000,0x000000076fa00000,0x0000000770480000)
  to   space 10752K, 0% used [0x000000076ef80000,0x000000076ef80000,0x000000076fa00000)
 ParOldGen       total 175104K, used 0K [0x00000006c0e00000, 0x00000006cb900000, 0x000000076af80000)
  object space 175104K, 0% used [0x00000006c0e00000,0x00000006c0e00000,0x00000006cb900000)
 Metaspace       used 20052K, capacity 20826K, committed 21120K, reserved 1067008K
  class space    used 2718K, capacity 2906K, committed 2944K, reserved 1048576K
Event: 2.734 GC heap after
Heap after GC invocations=1 (full 0):
 PSYoungGen      total 76288K, used 9293K [0x000000076af80000, 0x0000000770480000, 0x00000007c0000000)
  eden space 65536K, 0% used [0x000000076af80000,0x000000076af80000,0x000000076ef80000)
  from space 10752K, 86% used [0x000000076ef80000,0x000000076f8937b8,0x000000076fa00000)
  to   space 10752K, 0% used [0x000000076fa00000,0x000000076fa00000,0x0000000770480000)
 ParOldGen       total 175104K, used 88K [0x00000006c0e00000, 0x00000006cb900000, 0x000000076af80000)
  object space 175104K, 0% used [0x00000006c0e00000,0x00000006c0e16010,0x00000006cb900000)
 Metaspace       used 20052K, capacity 20826K, committed 21120K, reserved 1067008K
  class space    used 2718K, capacity 2906K, committed 2944K, reserved 1048576K
}
Event: 2.845 GC heap before
{Heap before GC invocations=2 (full 0):
 PSYoungGen      total 76288K, used 10995K [0x000000076af80000, 0x0000000770480000, 0x00000007c0000000)
  eden space 65536K, 2% used [0x000000076af80000,0x000000076b1295c8,0x000000076ef80000)
  from space 10752K, 86% used [0x000000076ef80000,0x000000076f8937b8,0x000000076fa00000)
  to   space 10752K, 0% used [0x000000076fa00000,0x000000076fa00000,0x0000000770480000)
 ParOldGen       total 175104K, used 88K [0x00000006c0e00000, 0x00000006cb900000, 0x000000076af80000)
  object space 175104K, 0% used [0x00000006c0e00000,0x00000006c0e16010,0x00000006cb900000)
 Metaspace       used 20435K, capacity 21178K, committed 21296K, reserved 1067008K
  class space    used 2752K, capacity 2938K, committed 2944K, reserved 1048576K
Event: 2.849 GC heap after
Heap after GC invocations=2 (full 0):
 PSYoungGen      total 76288K, used 8118K [0x000000076af80000, 0x0000000774480000, 0x00000007c0000000)
  eden space 65536K, 0% used [0x000000076af80000,0x000000076af80000,0x000000076ef80000)
  from space 10752K, 75% used [0x000000076fa00000,0x00000007701ed8d0,0x0000000770480000)
  to   space 10752K, 0% used [0x000000076ef80000,0x000000076ef80000,0x000000076fa00000)
 ParOldGen       total 175104K, used 96K [0x00000006c0e00000, 0x00000006cb900000, 0x000000076af80000)
  object space 175104K, 0% used [0x00000006c0e00000,0x00000006c0e18010,0x00000006cb900000)
 Metaspace       used 20435K, capacity 21178K, committed 21296K, reserved 1067008K
  class space    used 2752K, capacity 2938K, committed 2944K, reserved 1048576K
}
Event: 2.849 GC heap before
{Heap before GC invocations=3 (full 1):
 PSYoungGen      total 76288K, used 8118K [0x000000076af80000, 0x0000000774480000, 0x00000007c0000000)
  eden space 65536K, 0% used [0x000000076af80000,0x000000076af80000,0x000000076ef80000)
  from space 10752K, 75% used [0x000000076fa00000,0x00000007701ed8d0,0x0000000770480000)
  to   space 10752K, 0% used [0x000000076ef80000,0x000000076ef80000,0x000000076fa00000)
 ParOldGen       total 175104K, used 96K [0x00000006c0e00000, 0x00000006cb900000, 0x000000076af80000)
  object space 175104K, 0% used [0x00000006c0e00000,0x00000006c0e18010,0x00000006cb900000)
 Metaspace       used 20435K, capacity 21178K, committed 21296K, reserved 1067008K
  class space    used 2752K, capacity 2938K, committed 2944K, reserved 1048576K

